<?xml version="1.0" encoding="UTF-8"?>
<!-- Generated by org.testng.reporters.JUnitReportReporter -->
<testsuite hostname="LAPTOP-HIM2Q4M4" failures="0" tests="1" name="deltazone.CopyDirectory" time="24.250" errors="0" timestamp="2023-09-26T15:29:18 IST" skipped="0">
  <testcase classname="deltazone.CopyDirectory" name="copyDirecory" time="24.250"/>
</testsuite> <!-- deltazone.CopyDirectory -->
