<?xml version="1.0" encoding="UTF-8"?>
<!-- Generated by org.testng.reporters.JUnitReportReporter -->
<testsuite hostname="LAPTOP-HIM2Q4M4" failures="0" tests="2" name="deltazone.ReportsTest" time="0.016" errors="0" timestamp="2023-09-26T08:54:39 IST" skipped="0">
  <testcase classname="deltazone.ReportsTest" name="reporterTest2" time="0.001"/>
  <testcase classname="deltazone.ReportsTest" name="reporterTest1" time="0.015"/>
</testsuite> <!-- deltazone.ReportsTest -->
