<?xml version="1.0" encoding="UTF-8"?>
<!-- Generated by org.testng.reporters.JUnitReportReporter -->
<testsuite hostname="LAPTOP-HIM2Q4M4" failures="0" tests="1" name="deltazone.Adddirectorytest" time="25.005" errors="0" timestamp="2023-09-26T17:14:49 IST" skipped="0">
  <testcase classname="deltazone.Adddirectorytest" name="addDirectory" time="25.005"/>
</testsuite> <!-- deltazone.Adddirectorytest -->
