<?xml version="1.0" encoding="UTF-8"?>
<!-- Generated by org.testng.reporters.JUnitReportReporter -->
<testsuite hostname="LAPTOP-HIM2Q4M4" failures="0" tests="2" name="deltazone.LoginTest" time="0.015" errors="0" timestamp="2023-09-25T18:11:40 IST" skipped="0">
  <testcase classname="deltazone.LoginTest" name="loginTest" time="0.010"/>
  <testcase classname="deltazone.LoginTest" name="logouttest" time="0.005"/>
</testsuite> <!-- deltazone.LoginTest -->
